<?xml version="1.0" encoding="UTF-8"?>
<!-- Generated by org.testng.reporters.JUnitReportReporter -->
<testsuite skipped="0" hostname="5CG936BLSS" name="SushantPracticeProject.Appium_Test" tests="2" failures="0" timestamp="20 Aug 2021 10:26:58 GMT" time="0.004" errors="0">
  <testcase name="IOSApps" time="0.004" classname="SushantPracticeProject.Appium_Test"/>
  <testcase name="NativeAndroid" time="0.000" classname="SushantPracticeProject.Appium_Test"/>
</testsuite> <!-- SushantPracticeProject.Appium_Test -->
