<?xml version="1.0" encoding="UTF-8"?>
<!-- Generated by org.testng.reporters.JUnitReportReporter -->
<testsuite skipped="0" hostname="5CG936BLSS" name="SushantPracticeProject.Selenium_Test" tests="2" failures="0" timestamp="20 Aug 2021 10:26:58 GMT" time="0.000" errors="0">
  <testcase name="BrowserAutomation" time="0.000" classname="SushantPracticeProject.Selenium_Test"/>
  <testcase name="elementsUI" time="0.000" classname="SushantPracticeProject.Selenium_Test"/>
</testsuite> <!-- SushantPracticeProject.Selenium_Test -->
